<?xml version="1.0" encoding="UTF-8"?>
<!-- Generated by org.testng.reporters.JUnitXMLReporter -->
<testsuite hostname="LAPTOP-O81FVFFS" name="Default test" tests="6" failures="0" timestamp="7 Feb 2019 05:25:55 GMT" time="391.521" errors="0">
  <testcase name="AdminCreateNotice" time="51.972" classname="com.adda.main.MainClass"/>
  <testcase name="UserVerifyNotice" time="19.427" classname="com.adda.main.MainClass"/>
  <testcase name="verifyMyUnit" time="147.324" classname="com.adda.main.MainClass"/>
  <testcase name="validateDirectMessage" time="50.59" classname="com.adda.main.MainClass"/>
  <testcase name="ValidateHelpdesk" time="69.535" classname="com.adda.main.MainClass"/>
  <testcase name="createConversations" time="52.635" classname="com.adda.main.MainClass"/>
</testsuite> <!-- Default test -->
