<?xml version="1.0" encoding="UTF-8"?>
<!-- Generated by org.testng.reporters.JUnitXMLReporter -->
<testsuite hostname="LAPTOP-O81FVFFS" name="Test" tests="6" failures="0" timestamp="7 Feb 2019 08:59:18 GMT" time="368.549" errors="0">
  <testcase name="AdminCreateNotice" time="58.413" classname="com.adda.main.MainClass"/>
  <testcase name="UserVerifyNotice" time="27.644" classname="com.adda.main.MainClass"/>
  <testcase name="verifyMyUnit" time="82.884" classname="com.adda.main.MainClass"/>
  <testcase name="validateDirectMessage" time="64.501" classname="com.adda.main.MainClass"/>
  <testcase name="ValidateHelpdesk" time="74.231" classname="com.adda.main.MainClass"/>
  <testcase name="createConversations" time="60.848" classname="com.adda.main.MainClass"/>
</testsuite> <!-- Test -->
