<?xml version="1.0" encoding="UTF-8"?>
<testsuite name="TestSuite" time="368.521" tests="6" errors="0" skipped="0" failures="0">
  <properties>
[...]
</properties>
  <testcase name="AdminCreateNotice" classname="com.adda.main.MainClass" time="58.417"/>
  <testcase name="UserVerifyNotice" classname="com.adda.main.MainClass" time="27.636"/>
  <testcase name="verifyMyUnit" classname="com.adda.main.MainClass" time="82.888"/>
  <testcase name="validateDirectMessage" classname="com.adda.main.MainClass" time="64.497"/>
  <testcase name="ValidateHelpdesk" classname="com.adda.main.MainClass" time="74.231"/>
  <testcase name="createConversations" classname="com.adda.main.MainClass" time="60.852"/>
</testsuite>