<?xml version="1.0" encoding="UTF-8"?>
<testng-results skipped="0" failed="0" total="6" passed="6">
  <reporter-output>
  </reporter-output>
  <suite name="Default suite" duration-ms="391521" started-at="2019-02-07T05:19:24Z" finished-at="2019-02-07T05:25:55Z">
    <groups>
    </groups>
    <test name="Default test" duration-ms="391521" started-at="2019-02-07T05:19:24Z" finished-at="2019-02-07T05:25:55Z">
      <class name="com.adda.main.MainClass">
        <test-method status="PASS" signature="beforeMethod()[pri:0, instance:com.adda.main.MainClass@7823a2f9]" name="beforeMethod" is-config="true" duration-ms="11295" started-at="2019-02-07T10:49:12Z" finished-at="2019-02-07T10:49:24Z">
          <reporter-output>
          </reporter-output>
        </test-method> <!-- beforeMethod -->
        <test-method status="PASS" signature="AdminCreateNotice()[pri:1, instance:com.adda.main.MainClass@7823a2f9]" name="AdminCreateNotice" duration-ms="51972" started-at="2019-02-07T10:49:24Z" finished-at="2019-02-07T10:50:16Z">
          <reporter-output>
          </reporter-output>
        </test-method> <!-- AdminCreateNotice -->
        <test-method status="PASS" signature="UserVerifyNotice()[pri:2, instance:com.adda.main.MainClass@7823a2f9]" name="UserVerifyNotice" duration-ms="19427" started-at="2019-02-07T10:50:16Z" finished-at="2019-02-07T10:50:35Z">
          <reporter-output>
          </reporter-output>
        </test-method> <!-- UserVerifyNotice -->
        <test-method status="PASS" signature="verifyMyUnit()[pri:3, instance:com.adda.main.MainClass@7823a2f9]" name="verifyMyUnit" duration-ms="147324" started-at="2019-02-07T10:50:35Z" finished-at="2019-02-07T10:53:02Z">
          <reporter-output>
          </reporter-output>
        </test-method> <!-- verifyMyUnit -->
        <test-method status="PASS" signature="validateDirectMessage()[pri:4, instance:com.adda.main.MainClass@7823a2f9]" name="validateDirectMessage" duration-ms="50590" started-at="2019-02-07T10:53:02Z" finished-at="2019-02-07T10:53:53Z">
          <reporter-output>
          </reporter-output>
        </test-method> <!-- validateDirectMessage -->
        <test-method status="PASS" signature="ValidateHelpdesk()[pri:5, instance:com.adda.main.MainClass@7823a2f9]" name="ValidateHelpdesk" duration-ms="69535" started-at="2019-02-07T10:53:53Z" finished-at="2019-02-07T10:55:02Z">
          <reporter-output>
          </reporter-output>
        </test-method> <!-- ValidateHelpdesk -->
        <test-method status="PASS" signature="createConversations()[pri:6, instance:com.adda.main.MainClass@7823a2f9]" name="createConversations" duration-ms="52635" started-at="2019-02-07T10:55:02Z" finished-at="2019-02-07T10:55:55Z">
          <reporter-output>
          </reporter-output>
        </test-method> <!-- createConversations -->
        <test-method status="PASS" signature="afterMethod()[pri:0, instance:com.adda.main.MainClass@7823a2f9]" name="afterMethod" is-config="true" duration-ms="1696" started-at="2019-02-07T10:55:55Z" finished-at="2019-02-07T10:55:57Z">
          <reporter-output>
          </reporter-output>
        </test-method> <!-- afterMethod -->
      </class> <!-- com.adda.main.MainClass -->
    </test> <!-- Default test -->
  </suite> <!-- Default suite -->
</testng-results>
